<?xml version="1.0" encoding="UTF-8"?>
<testng-results ignored="0" total="1" passed="1" failed="0" skipped="0">
  <reporter-output>
  </reporter-output>
  <suite started-at="2023-10-05T21:18:04 IST" name="Default suite" finished-at="2023-10-05T21:18:09 IST" duration-ms="4825">
    <groups>
    </groups>
    <test started-at="2023-10-05T21:18:04 IST" name="Default test" finished-at="2023-10-05T21:18:09 IST" duration-ms="4825">
      <class name="SeleniumProject.SeleniumProject.BankingAppTest">
        <test-method is-config="true" signature="beforeTest()[pri:0, instance:null(SeleniumProject.SeleniumProject.BankingAppTest)]" started-at="2023-10-05T21:18:04 IST" name="beforeTest" finished-at="2023-10-05T21:18:04 IST" duration-ms="6" status="PASS">
          <reporter-output>
          </reporter-output>
        </test-method> <!-- beforeTest -->
        <test-method signature="testWeb()[pri:0, instance:null(SeleniumProject.SeleniumProject.BankingAppTest)]" started-at="2023-10-05T21:18:04 IST" name="testWeb" finished-at="2023-10-05T21:18:09 IST" duration-ms="4795" status="PASS">
          <reporter-output>
          </reporter-output>
        </test-method> <!-- testWeb -->
        <test-method is-config="true" signature="afterTest()[pri:0, instance:null(SeleniumProject.SeleniumProject.BankingAppTest)]" started-at="2023-10-05T21:18:09 IST" name="afterTest" finished-at="2023-10-05T21:18:09 IST" duration-ms="2" status="PASS">
          <reporter-output>
          </reporter-output>
        </test-method> <!-- afterTest -->
      </class> <!-- SeleniumProject.SeleniumProject.BankingAppTest -->
    </test> <!-- Default test -->
  </suite> <!-- Default suite -->
</testng-results>
