<?xml version="1.0" encoding="UTF-8"?>
<testng-results ignored="0" total="1" passed="1" failed="0" skipped="0">
  <reporter-output>
  </reporter-output>
  <suite started-at="2023-09-28T21:02:21 IST" name="Suite" finished-at="2023-09-28T21:03:25 IST" duration-ms="64689">
    <groups>
    </groups>
    <test started-at="2023-09-28T21:02:21 IST" name="TestCases" finished-at="2023-09-28T21:03:25 IST" duration-ms="64689">
      <class name="SeleniumProject.SeleniumProject.PolicyTest">
        <test-method is-config="true" signature="beforeTest()[pri:0, instance:null(SeleniumProject.SeleniumProject.PolicyTest)]" started-at="2023-09-28T21:02:21 IST" name="beforeTest" finished-at="2023-09-28T21:02:21 IST" duration-ms="74" status="PASS">
          <reporter-output>
          </reporter-output>
        </test-method> <!-- beforeTest -->
        <test-method signature="testGoogle()[pri:0, instance:null(SeleniumProject.SeleniumProject.PolicyTest)]" started-at="2023-09-28T21:02:21 IST" name="testGoogle" finished-at="2023-09-28T21:03:25 IST" duration-ms="64504" status="PASS">
          <reporter-output>
          </reporter-output>
        </test-method> <!-- testGoogle -->
        <test-method is-config="true" signature="afterTest()[pri:0, instance:null(SeleniumProject.SeleniumProject.PolicyTest)]" started-at="2023-09-28T21:03:25 IST" name="afterTest" finished-at="2023-09-28T21:03:25 IST" duration-ms="1" status="PASS">
          <reporter-output>
          </reporter-output>
        </test-method> <!-- afterTest -->
      </class> <!-- SeleniumProject.SeleniumProject.PolicyTest -->
    </test> <!-- TestCases -->
  </suite> <!-- Suite -->
</testng-results>
